<?xml version="1.0" encoding="UTF-8"?>
<testng-results ignored="0" total="4" passed="4" failed="0" skipped="0">
  <reporter-output>
  </reporter-output>
  <suite started-at="2022-02-09T18:08:12 EST" name="SauceLabSuite" finished-at="2022-02-09T18:08:31 EST" duration-ms="19041">
    <groups>
    </groups>
    <test started-at="2022-02-09T18:08:12 EST" name="SauceLabTest4" finished-at="2022-02-09T18:08:27 EST" duration-ms="14613">
      <class name="saucelabpackage.SauceLabTestcase">
        <test-method is-config="true" signature="setup(java.lang.String,java.lang.String,java.lang.String)[pri:0, instance:saucelabpackage.SauceLabTestcase@cd3fee8]" started-at="2022-02-09T18:08:12 EST" name="setup" finished-at="2022-02-09T18:08:22 EST" duration-ms="10358" status="PASS">
          <params>
            <param index="0">
              <value>
                <![CDATA[Safari]]>
              </value>
            </param>
            <param index="1">
              <value>
                <![CDATA[15]]>
              </value>
            </param>
            <param index="2">
              <value>
                <![CDATA[macOS 12]]>
              </value>
            </param>
          </params>
          <reporter-output>
          </reporter-output>
        </test-method> <!-- setup -->
        <test-method signature="verifySearch()[pri:0, instance:saucelabpackage.SauceLabTestcase@cd3fee8]" started-at="2022-02-09T18:08:22 EST" name="verifySearch" finished-at="2022-02-09T18:08:26 EST" duration-ms="3905" status="PASS">
          <reporter-output>
          </reporter-output>
        </test-method> <!-- verifySearch -->
        <test-method is-config="true" signature="teardown()[pri:0, instance:saucelabpackage.SauceLabTestcase@cd3fee8]" started-at="2022-02-09T18:08:26 EST" name="teardown" finished-at="2022-02-09T18:08:27 EST" duration-ms="317" status="PASS">
          <reporter-output>
          </reporter-output>
        </test-method> <!-- teardown -->
      </class> <!-- saucelabpackage.SauceLabTestcase -->
    </test> <!-- SauceLabTest4 -->
    <test started-at="2022-02-09T18:08:12 EST" name="SauceLabTest3" finished-at="2022-02-09T18:08:30 EST" duration-ms="17943">
      <class name="saucelabpackage.SauceLabTestcase">
        <test-method is-config="true" signature="setup(java.lang.String,java.lang.String,java.lang.String)[pri:0, instance:saucelabpackage.SauceLabTestcase@3c419631]" started-at="2022-02-09T18:08:12 EST" name="setup" finished-at="2022-02-09T18:08:23 EST" duration-ms="11050" status="PASS">
          <params>
            <param index="0">
              <value>
                <![CDATA[Chrome]]>
              </value>
            </param>
            <param index="1">
              <value>
                <![CDATA[97]]>
              </value>
            </param>
            <param index="2">
              <value>
                <![CDATA[macOS 12]]>
              </value>
            </param>
          </params>
          <reporter-output>
          </reporter-output>
        </test-method> <!-- setup -->
        <test-method signature="verifySearch()[pri:0, instance:saucelabpackage.SauceLabTestcase@3c419631]" started-at="2022-02-09T18:08:23 EST" name="verifySearch" finished-at="2022-02-09T18:08:29 EST" duration-ms="6494" status="PASS">
          <reporter-output>
          </reporter-output>
        </test-method> <!-- verifySearch -->
        <test-method is-config="true" signature="teardown()[pri:0, instance:saucelabpackage.SauceLabTestcase@3c419631]" started-at="2022-02-09T18:08:29 EST" name="teardown" finished-at="2022-02-09T18:08:30 EST" duration-ms="377" status="PASS">
          <reporter-output>
          </reporter-output>
        </test-method> <!-- teardown -->
      </class> <!-- saucelabpackage.SauceLabTestcase -->
    </test> <!-- SauceLabTest3 -->
    <test started-at="2022-02-09T18:08:12 EST" name="SauceLabTest2" finished-at="2022-02-09T18:08:31 EST" duration-ms="18755">
      <class name="saucelabpackage.SauceLabTestcase">
        <test-method is-config="true" signature="setup(java.lang.String,java.lang.String,java.lang.String)[pri:0, instance:saucelabpackage.SauceLabTestcase@48e4374]" started-at="2022-02-09T18:08:12 EST" name="setup" finished-at="2022-02-09T18:08:25 EST" duration-ms="13003" status="PASS">
          <params>
            <param index="0">
              <value>
                <![CDATA[Firefox]]>
              </value>
            </param>
            <param index="1">
              <value>
                <![CDATA[96]]>
              </value>
            </param>
            <param index="2">
              <value>
                <![CDATA[Windows 11]]>
              </value>
            </param>
          </params>
          <reporter-output>
          </reporter-output>
        </test-method> <!-- setup -->
        <test-method signature="verifySearch()[pri:0, instance:saucelabpackage.SauceLabTestcase@48e4374]" started-at="2022-02-09T18:08:25 EST" name="verifySearch" finished-at="2022-02-09T18:08:30 EST" duration-ms="5405" status="PASS">
          <reporter-output>
          </reporter-output>
        </test-method> <!-- verifySearch -->
        <test-method is-config="true" signature="teardown()[pri:0, instance:saucelabpackage.SauceLabTestcase@48e4374]" started-at="2022-02-09T18:08:30 EST" name="teardown" finished-at="2022-02-09T18:08:31 EST" duration-ms="325" status="PASS">
          <reporter-output>
          </reporter-output>
        </test-method> <!-- teardown -->
      </class> <!-- saucelabpackage.SauceLabTestcase -->
    </test> <!-- SauceLabTest2 -->
    <test started-at="2022-02-09T18:08:12 EST" name="SauceLabTest1" finished-at="2022-02-09T18:08:31 EST" duration-ms="19041">
      <class name="saucelabpackage.SauceLabTestcase">
        <test-method is-config="true" signature="setup(java.lang.String,java.lang.String,java.lang.String)[pri:0, instance:saucelabpackage.SauceLabTestcase@4b5a5ed1]" started-at="2022-02-09T18:08:12 EST" name="setup" finished-at="2022-02-09T18:08:24 EST" duration-ms="11641" status="PASS">
          <params>
            <param index="0">
              <value>
                <![CDATA[edge]]>
              </value>
            </param>
            <param index="1">
              <value>
                <![CDATA[97]]>
              </value>
            </param>
            <param index="2">
              <value>
                <![CDATA[Windows 10]]>
              </value>
            </param>
          </params>
          <reporter-output>
          </reporter-output>
        </test-method> <!-- setup -->
        <test-method signature="verifySearch()[pri:0, instance:saucelabpackage.SauceLabTestcase@4b5a5ed1]" started-at="2022-02-09T18:08:24 EST" name="verifySearch" finished-at="2022-02-09T18:08:30 EST" duration-ms="6543" status="PASS">
          <reporter-output>
          </reporter-output>
        </test-method> <!-- verifySearch -->
        <test-method is-config="true" signature="teardown()[pri:0, instance:saucelabpackage.SauceLabTestcase@4b5a5ed1]" started-at="2022-02-09T18:08:30 EST" name="teardown" finished-at="2022-02-09T18:08:31 EST" duration-ms="834" status="PASS">
          <reporter-output>
          </reporter-output>
        </test-method> <!-- teardown -->
      </class> <!-- saucelabpackage.SauceLabTestcase -->
    </test> <!-- SauceLabTest1 -->
  </suite> <!-- SauceLabSuite -->
</testng-results>
